Using pre-set license
Built from '2021.3/china_unity/release' branch; Version is '2021.3.20f1c1 (7cf0fbd73406) revision 8188155'; Using compiler version '192829333'; Build Type 'Release'
OS: 'Windows 10  (10.0.19045) 64bit Core' Language: 'zh' Physical Memory: 16303 MB
BatchMode: 1, IsHumanControllingUs: 0, StartBugReporterOnCrash: 0, Is64bit: 1, IsPro: 1

COMMAND LINE ARGUMENTS:
C:\Program Files\Unity\Hub\Editor\2021.3.20f1c1\Editor\Unity.exe
-adb2
-batchMode
-noUpm
-name
AssetImportWorker4
-projectPath
F:/github/StarWay/FYP
-logFile
Logs/AssetImportWorker4.log
-srvPort
50005
Successfully changed project path to: F:/github/StarWay/FYP
F:/github/StarWay/FYP
[UnityMemory] Configuration Parameters - Can be set up in boot.config
    "memorysetup-bucket-allocator-granularity=16"
    "memorysetup-bucket-allocator-bucket-count=8"
    "memorysetup-bucket-allocator-block-size=33554432"
    "memorysetup-bucket-allocator-block-count=8"
    "memorysetup-main-allocator-block-size=16777216"
    "memorysetup-thread-allocator-block-size=16777216"
    "memorysetup-gfx-main-allocator-block-size=16777216"
    "memorysetup-gfx-thread-allocator-block-size=16777216"
    "memorysetup-cache-allocator-block-size=4194304"
    "memorysetup-typetree-allocator-block-size=2097152"
    "memorysetup-profiler-bucket-allocator-granularity=16"
    "memorysetup-profiler-bucket-allocator-bucket-count=8"
    "memorysetup-profiler-bucket-allocator-block-size=33554432"
    "memorysetup-profiler-bucket-allocator-block-count=8"
    "memorysetup-profiler-allocator-block-size=16777216"
    "memorysetup-profiler-editor-allocator-block-size=1048576"
    "memorysetup-temp-allocator-size-main=16777216"
    "memorysetup-job-temp-allocator-block-size=2097152"
    "memorysetup-job-temp-allocator-block-size-background=1048576"
    "memorysetup-job-temp-allocator-reduction-small-platforms=262144"
    "memorysetup-temp-allocator-size-background-worker=32768"
    "memorysetup-temp-allocator-size-job-worker=262144"
    "memorysetup-temp-allocator-size-preload-manager=33554432"
    "memorysetup-temp-allocator-size-nav-mesh-worker=65536"
    "memorysetup-temp-allocator-size-audio-worker=65536"
    "memorysetup-temp-allocator-size-cloud-worker=32768"
    "memorysetup-temp-allocator-size-gi-baking-worker=262144"
    "memorysetup-temp-allocator-size-gfx=262144"
Player connection [28352] Host "[IP] 192.168.10.20 [Port] 0 [Flags] 2 [Guid] 2827222254 [EditorId] 2827222254 [Version] 1048832 [Id] WindowsEditor(7,DESKTOP-F9NA1RP) [Debug] 1 [PackageName] WindowsEditor [ProjectName] Editor" joined multi-casting on [225.0.0.222:54997]...

Player connection [28352] Host "[IP] 192.168.10.20 [Port] 0 [Flags] 2 [Guid] 2827222254 [EditorId] 2827222254 [Version] 1048832 [Id] WindowsEditor(7,DESKTOP-F9NA1RP) [Debug] 1 [PackageName] WindowsEditor [ProjectName] Editor" joined alternative multi-casting on [225.0.0.222:34997]...

AS: AutoStreaming module initializing.
Refreshing native plugins compatible for Editor in 113.92 ms, found 3 plugins.
Preloading 0 native plugins for Editor in 0.00 ms.
Initialize engine version: 2021.3.20f1c1 (7cf0fbd73406)
[Subsystems] Discovering subsystems at path C:/Program Files/Unity/Hub/Editor/2021.3.20f1c1/Editor/Data/Resources/UnitySubsystems
[Subsystems] Discovering subsystems at path F:/github/StarWay/FYP/Assets
GfxDevice: creating device client; threaded=0; jobified=0
Direct3D:
    Version:  Direct3D 11.0 [level 11.1]
    Renderer: NVIDIA GeForce GTX 1650 (ID=0x1f91)
    Vendor:   NVIDIA
    VRAM:     3949 MB
    Driver:   31.0.15.3118
Initialize mono
Mono path[0] = 'C:/Program Files/Unity/Hub/Editor/2021.3.20f1c1/Editor/Data/Managed'
Mono path[1] = 'C:/Program Files/Unity/Hub/Editor/2021.3.20f1c1/Editor/Data/MonoBleedingEdge/lib/mono/unityjit-win32'
Mono config path = 'C:/Program Files/Unity/Hub/Editor/2021.3.20f1c1/Editor/Data/MonoBleedingEdge/etc'
Using monoOptions --debugger-agent=transport=dt_socket,embedding=1,server=y,suspend=n,address=127.0.0.1:56424
Begin MonoManager ReloadAssembly
Registering precompiled unity dll's ...
Register platform support module: C:/Program Files/Unity/Hub/Editor/2021.3.20f1c1/Editor/Data/PlaybackEngines/WebGLSupport/UnityEditor.WebGL.Extensions.dll
Register platform support module: C:/Program Files/Unity/Hub/Editor/2021.3.20f1c1/Editor/Data/PlaybackEngines/MacStandaloneSupport/UnityEditor.OSXStandalone.Extensions.dll
Register platform support module: C:/Program Files/Unity/Hub/Editor/2021.3.20f1c1/Editor/Data/PlaybackEngines/AndroidPlayer/UnityEditor.Android.Extensions.dll
Register platform support module: C:/Program Files/Unity/Hub/Editor/2021.3.20f1c1/Editor/Data/PlaybackEngines/iOSSupport/UnityEditor.iOS.Extensions.dll
Register platform support module: C:/Program Files/Unity/Hub/Editor/2021.3.20f1c1/Editor/Data/PlaybackEngines/WindowsStandaloneSupport/UnityEditor.WindowsStandalone.Extensions.dll
Register platform support module: C:/Program Files/Unity/Hub/Editor/2021.3.20f1c1/Editor/Data/PlaybackEngines/LinuxStandaloneSupport/UnityEditor.LinuxStandalone.Extensions.dll
Register platform support module: C:/Program Files/Unity/Hub/Editor/2021.3.20f1c1/Editor/Data/PlaybackEngines/MetroSupport/UnityEditor.UWP.Extensions.dll
Registered in 0.054771 seconds.
Native extension for UWP target not found
Native extension for LinuxStandalone target not found
Native extension for WindowsStandalone target not found
[usbmuxd] Start listen thread
[usbmuxd] Listen thread started
Native extension for iOS target not found
Native extension for Android target not found
Android Extension - Scanning For ADB Devices 663 ms
Native extension for OSXStandalone target not found
Native extension for WebGL target not found
Refreshing native plugins compatible for Editor in 117.45 ms, found 3 plugins.
Preloading 0 native plugins for Editor in 0.00 ms.
Mono: successfully reloaded assembly
- Completed reload, in  1.674 seconds
Domain Reload Profiling:
	ReloadAssembly (1674ms)
		BeginReloadAssembly (161ms)
			ExecutionOrderSort (0ms)
			DisableScriptedObjects (0ms)
			BackupInstance (0ms)
			ReleaseScriptingObjects (0ms)
			CreateAndSetChildDomain (1ms)
		EndReloadAssembly (1295ms)
			LoadAssemblies (151ms)
			RebuildTransferFunctionScriptingTraits (0ms)
			SetupTypeCache (134ms)
			ReleaseScriptCaches (0ms)
			RebuildScriptCaches (29ms)
			SetupLoadedEditorAssemblies (1042ms)
				LogAssemblyErrors (0ms)
				InitializePlatformSupportModulesInManaged (789ms)
				SetLoadedEditorAssemblies (0ms)
				RefreshPlugins (118ms)
				BeforeProcessingInitializeOnLoad (1ms)
				ProcessInitializeOnLoadAttributes (89ms)
				ProcessInitializeOnLoadMethodAttributes (46ms)
				AfterProcessingInitializeOnLoad (0ms)
				EditorAssembliesLoaded (0ms)
			ExecutionOrderSort2 (0ms)
			AwakeInstancesAfterBackupRestoration (0ms)
Platform modules already initialized, skipping
Registering precompiled user dll's ...
Registered in 0.018833 seconds.
Begin MonoManager ReloadAssembly
Symbol file LoadedFromMemory doesn't match image F:\github\StarWay\FYP\Library\PackageCache\com.unity.visualscripting@1.8.0\Editor\VisualScripting.Core\Dependencies\YamlDotNet\Unity.VisualScripting.YamlDotNet.dll
Symbol file LoadedFromMemory doesn't match image F:\github\StarWay\FYP\Library\PackageCache\com.unity.visualscripting@1.8.0\Editor\VisualScripting.Core\Dependencies\DotNetZip\Unity.VisualScripting.IonicZip.dll
Native extension for UWP target not found
Native extension for LinuxStandalone target not found
Native extension for WindowsStandalone target not found
Native extension for iOS target not found
Native extension for Android target not found
Native extension for OSXStandalone target not found
Native extension for WebGL target not found
Refreshing native plugins compatible for Editor in 118.02 ms, found 3 plugins.
Preloading 0 native plugins for Editor in 0.00 ms.
Mono: successfully reloaded assembly
- Completed reload, in  1.754 seconds
Domain Reload Profiling:
	ReloadAssembly (1755ms)
		BeginReloadAssembly (200ms)
			ExecutionOrderSort (0ms)
			DisableScriptedObjects (6ms)
			BackupInstance (0ms)
			ReleaseScriptingObjects (0ms)
			CreateAndSetChildDomain (20ms)
		EndReloadAssembly (1376ms)
			LoadAssemblies (205ms)
			RebuildTransferFunctionScriptingTraits (0ms)
			SetupTypeCache (319ms)
			ReleaseScriptCaches (1ms)
			RebuildScriptCaches (65ms)
			SetupLoadedEditorAssemblies (782ms)
				LogAssemblyErrors (0ms)
				InitializePlatformSupportModulesInManaged (77ms)
				SetLoadedEditorAssemblies (0ms)
				RefreshPlugins (118ms)
				BeforeProcessingInitializeOnLoad (178ms)
				ProcessInitializeOnLoadAttributes (276ms)
				ProcessInitializeOnLoadMethodAttributes (82ms)
				AfterProcessingInitializeOnLoad (51ms)
				EditorAssembliesLoaded (0ms)
			ExecutionOrderSort2 (0ms)
			AwakeInstancesAfterBackupRestoration (8ms)
Platform modules already initialized, skipping
========================================================================
Worker process is ready to serve import requests
Launched and connected shader compiler UnityShaderCompiler.exe after 0.08 seconds
Refreshing native plugins compatible for Editor in 0.78 ms, found 3 plugins.
Preloading 0 native plugins for Editor in 0.00 ms.
Unloading 5496 Unused Serialized files (Serialized files now loaded: 0)
Unloading 47 unused Assets / (0.9 MB). Loaded Objects now: 5955.
Memory consumption went from 228.6 MB to 227.7 MB.
Total: 4.000700 ms (FindLiveObjects: 0.412100 ms CreateObjectMapping: 0.369700 ms MarkObjects: 2.873900 ms  DeleteObjects: 0.344200 ms)

AssetImportParameters requested are different than current active one (requested -> active):
  custom:video-decoder-ogg-theora: a1e56fd34408186e4bbccfd4996cb3dc -> 
  custom:container-muxer-webm: aa71ff27fc2769a1b78a27578f13a17b -> 
  custom:container-demuxer-webm: 4f35f7cbe854078d1ac9338744f61a02 -> 
  custom:video-encoder-webm-vp8: eb34c28f22e8b96e1ab97ce403110664 -> 
  custom:audio-encoder-webm-vorbis: bf7c407c2cedff20999df2af8eb42d56 -> 
  custom:framework-win-MediaFoundation: 216162199b28c13a410421893ffa2e32 -> 
  custom:container-demuxer-ogg: 62fdf1f143b41e24485cea50d1cbac27 -> 
  custom:video-decoder-webm-vp8: 9c59270c3fd7afecdb556c50c9e8de78 -> 
  custom:audio-decoder-ogg-vorbis: bf7c407c2cedff20999df2af8eb42d56 -> 
========================================================================
Received Import Request.
  Time since last request: 964221.296784 seconds.
  path: Assets/Models/stone1.mat
  artifactKey: Guid(28c2dc2643951094b8ed80a1b20c9d54) Importer(815301076,1909f56bfc062723c751e8b465ee728b)
Start importing Assets/Models/stone1.mat using Guid(28c2dc2643951094b8ed80a1b20c9d54) Importer(815301076,1909f56bfc062723c751e8b465ee728b)  -> (artifact id: '073039212d4d13fa7b57f4736e17b474') in 0.316435 seconds 
========================================================================
Received Import Request.
  Time since last request: 1.105424 seconds.
  path: Assets/Models/low-poly-robot
  artifactKey: Guid(a1a2e65bfb9336c4fb4add965c2019ce) Importer(815301076,1909f56bfc062723c751e8b465ee728b)
Start importing Assets/Models/low-poly-robot using Guid(a1a2e65bfb9336c4fb4add965c2019ce) Importer(815301076,1909f56bfc062723c751e8b465ee728b)  -> (artifact id: '81866cd0a4a3130107aa54c03b8c0226') in 0.003341 seconds 
========================================================================
Received Import Request.
  Time since last request: 17.315564 seconds.
  path: Assets/Models/i.png
  artifactKey: Guid(97f683229f7b1cf47aca468d869ece31) Importer(815301076,1909f56bfc062723c751e8b465ee728b)
Start importing Assets/Models/i.png using Guid(97f683229f7b1cf47aca468d869ece31) Importer(815301076,1909f56bfc062723c751e8b465ee728b)  -> (artifact id: 'd371381618578d956e668d4b19b850c5') in 0.027801 seconds 
========================================================================
Received Import Request.
  Time since last request: 0.975752 seconds.
  path: Assets/Models/texture.png
  artifactKey: Guid(c8327ce20d06cc44b893553dea9e3237) Importer(815301076,1909f56bfc062723c751e8b465ee728b)
Start importing Assets/Models/texture.png using Guid(c8327ce20d06cc44b893553dea9e3237) Importer(815301076,1909f56bfc062723c751e8b465ee728b)  -> (artifact id: '1bfde118dcd77b4df33b39d03dfb6fcd') in 0.009037 seconds 
========================================================================
Received Import Request.
  Time since last request: 5.889228 seconds.
  path: Assets/Models/texture.png
  artifactKey: Guid(c8327ce20d06cc44b893553dea9e3237) Importer(815301076,1909f56bfc062723c751e8b465ee728b)
Start importing Assets/Models/texture.png using Guid(c8327ce20d06cc44b893553dea9e3237) Importer(815301076,1909f56bfc062723c751e8b465ee728b)  -> (artifact id: '7ddd0ebac71a24b69b3bbcbe600636ba') in 0.018465 seconds 
========================================================================
Received Import Request.
  Time since last request: 4.276109 seconds.
  path: Assets/Models/i.png
  artifactKey: Guid(97f683229f7b1cf47aca468d869ece31) Importer(815301076,1909f56bfc062723c751e8b465ee728b)
Start importing Assets/Models/i.png using Guid(97f683229f7b1cf47aca468d869ece31) Importer(815301076,1909f56bfc062723c751e8b465ee728b)  -> (artifact id: 'eeca8fdcabedd9df99af50d9a70fcdbd') in 0.010889 seconds 
========================================================================
Received Import Request.
  Time since last request: 140.466244 seconds.
  path: Assets/Models/Sketchfab_2016_01_02_20_11_57.blend.fbx
  artifactKey: Guid(39c7ed4dc213edd4590a08adb2e9cbcb) Importer(815301076,1909f56bfc062723c751e8b465ee728b)
Start importing Assets/Models/Sketchfab_2016_01_02_20_11_57.blend.fbx using Guid(39c7ed4dc213edd4590a08adb2e9cbcb) Importer(815301076,1909f56bfc062723c751e8b465ee728b)  -> (artifact id: '745f6c8a0de88943d841e60b9ea529f3') in 0.238984 seconds 
========================================================================
Received Import Request.
  Time since last request: 5.378459 seconds.
  path: Assets/Models/Sketchfab_2016_01_02_20_11_57.blend.fbx
  artifactKey: Guid(39c7ed4dc213edd4590a08adb2e9cbcb) Importer(815301076,1909f56bfc062723c751e8b465ee728b)
Start importing Assets/Models/Sketchfab_2016_01_02_20_11_57.blend.fbx using Guid(39c7ed4dc213edd4590a08adb2e9cbcb) Importer(815301076,1909f56bfc062723c751e8b465ee728b)  -> (artifact id: 'f37ccdce8391c5ed20286ab7100c4a44') in 0.226828 seconds 
========================================================================
Received Import Request.
  Time since last request: 531.347331 seconds.
  path: Assets/Models/space-exploration-wlp-series-8/source
  artifactKey: Guid(50cc997fe58f0ba40af2829028ce7e7d) Importer(815301076,1909f56bfc062723c751e8b465ee728b)
Start importing Assets/Models/space-exploration-wlp-series-8/source using Guid(50cc997fe58f0ba40af2829028ce7e7d) Importer(815301076,1909f56bfc062723c751e8b465ee728b)  -> (artifact id: '8e381a54d25ea5500cbce4d602000806') in 0.003382 seconds 
========================================================================
Received Import Request.
  Time since last request: 0.074406 seconds.
  path: Assets/Models/space-exploration-wlp-series-8/source/Sketchfab_2016_01_02_20_11_57.blend.fbx
  artifactKey: Guid(0f098fd564cf4224092d48514588147d) Importer(815301076,1909f56bfc062723c751e8b465ee728b)
Start importing Assets/Models/space-exploration-wlp-series-8/source/Sketchfab_2016_01_02_20_11_57.blend.fbx using Guid(0f098fd564cf4224092d48514588147d) Importer(815301076,1909f56bfc062723c751e8b465ee728b)  -> (artifact id: '502e8e5c04cc72a5ca046d62ba9066d0') in 0.033592 seconds 
========================================================================
Received Import Request.
  Time since last request: 0.771475 seconds.
  path: Assets/Models/space-exploration-wlp-series-8/source/Sketchfab_2016_01_02_20_11_57.blend.blend
  artifactKey: Guid(bbc57084bca3e634ba67037217f78a8e) Importer(815301076,1909f56bfc062723c751e8b465ee728b)
Start importing Assets/Models/space-exploration-wlp-series-8/source/Sketchfab_2016_01_02_20_11_57.blend.blend using Guid(bbc57084bca3e634ba67037217f78a8e) Importer(815301076,1909f56bfc062723c751e8b465ee728b)  -> (artifact id: '2361d6d37440275d70926566acc00fe9') in 0.007349 seconds 
========================================================================
Received Import Request.
  Time since last request: 14.254682 seconds.
  path: Assets/Models/space-exploration-wlp-series-8/source/Sketchfab_2016_01_02_20_11_57.blend.fbx
  artifactKey: Guid(0f098fd564cf4224092d48514588147d) Importer(815301076,1909f56bfc062723c751e8b465ee728b)
Start importing Assets/Models/space-exploration-wlp-series-8/source/Sketchfab_2016_01_02_20_11_57.blend.fbx using Guid(0f098fd564cf4224092d48514588147d) Importer(815301076,1909f56bfc062723c751e8b465ee728b)  -> (artifact id: '29e5e7dcf8b68c355f7c7aaadb200277') in 0.035704 seconds 
========================================================================
Received Import Request.
  Time since last request: 0.086979 seconds.
  path: Assets/Models/space-exploration-wlp-series-8/source/Sketchfab_2016_01_02_20_11_57.blend.fbx
  artifactKey: Guid(0f098fd564cf4224092d48514588147d) Importer(815301076,1909f56bfc062723c751e8b465ee728b)
Start importing Assets/Models/space-exploration-wlp-series-8/source/Sketchfab_2016_01_02_20_11_57.blend.fbx using Guid(0f098fd564cf4224092d48514588147d) Importer(815301076,1909f56bfc062723c751e8b465ee728b)  -> (artifact id: '2da11c046f5abe550101e5a5ed020ac6') in 0.107236 seconds 
========================================================================
Received Import Request.
  Time since last request: 5.934745 seconds.
  path: Assets/Models/space-exploration-wlp-series-8/textures/i.png
  artifactKey: Guid(430b80504ad3ed446875ad417f378161) Importer(815301076,1909f56bfc062723c751e8b465ee728b)
Start importing Assets/Models/space-exploration-wlp-series-8/textures/i.png using Guid(430b80504ad3ed446875ad417f378161) Importer(815301076,1909f56bfc062723c751e8b465ee728b)  -> (artifact id: '907a1927217cea292e1b0940bf6f60c7') in 0.008285 seconds 
========================================================================
Received Import Request.
  Time since last request: 2.006410 seconds.
  path: Assets/Models/space-exploration-wlp-series-8/textures/texture.png
  artifactKey: Guid(33a2703d54c37354f93b03c10502499b) Importer(815301076,1909f56bfc062723c751e8b465ee728b)
Start importing Assets/Models/space-exploration-wlp-series-8/textures/texture.png using Guid(33a2703d54c37354f93b03c10502499b) Importer(815301076,1909f56bfc062723c751e8b465ee728b)  -> (artifact id: '9f155c7efd9f0ed863824536c692fae3') in 0.009027 seconds 
========================================================================
Received Import Request.
  Time since last request: 478.321528 seconds.
  path: Assets/Scenes/SampleScene.unity
  artifactKey: Guid(d1c3109bdb54ad54c8a2b2838528e640) Importer(815301076,1909f56bfc062723c751e8b465ee728b)
Start importing Assets/Scenes/SampleScene.unity using Guid(d1c3109bdb54ad54c8a2b2838528e640) Importer(815301076,1909f56bfc062723c751e8b465ee728b)  -> (artifact id: 'aef81b5c4bf80b2532d6a77102608e9e') in 0.004278 seconds 
========================================================================
Received Import Request.
  Time since last request: 5.993467 seconds.
  path: Assets/Scenes/Open.unity
  artifactKey: Guid(38c54a78b66a8ce47be515548b26e474) Importer(815301076,1909f56bfc062723c751e8b465ee728b)
Start importing Assets/Scenes/Open.unity using Guid(38c54a78b66a8ce47be515548b26e474) Importer(815301076,1909f56bfc062723c751e8b465ee728b)  -> (artifact id: '6b623f77cce7c28b24f6f032e21dfa0c') in 0.004059 seconds 
========================================================================
Received Import Request.
  Time since last request: 28.057867 seconds.
  path: Assets/Scenes/Open/Post-process Volume Profile.asset
  artifactKey: Guid(8409c19a90b4d8a42b6d6a58087f590e) Importer(815301076,1909f56bfc062723c751e8b465ee728b)
Start importing Assets/Scenes/Open/Post-process Volume Profile.asset using Guid(8409c19a90b4d8a42b6d6a58087f590e) Importer(815301076,1909f56bfc062723c751e8b465ee728b)  -> (artifact id: '7fee31f363680439b1e75399bcb5f60c') in 0.009554 seconds 
========================================================================
Received Import Request.
  Time since last request: 10.133969 seconds.
  path: Assets/Scenes/Open/Post-process Volume Profile.asset
  artifactKey: Guid(8409c19a90b4d8a42b6d6a58087f590e) Importer(815301076,1909f56bfc062723c751e8b465ee728b)
Start importing Assets/Scenes/Open/Post-process Volume Profile.asset using Guid(8409c19a90b4d8a42b6d6a58087f590e) Importer(815301076,1909f56bfc062723c751e8b465ee728b)  -> (artifact id: '9a55c8ae1b911311eb6a5da7e909db72') in 0.005383 seconds 
========================================================================
Received Import Request.
  Time since last request: 21.361722 seconds.
  path: Assets/Models/space-exploration-wlp-series-8/source/scene.mat
  artifactKey: Guid(355c40fdd0d86dd49b69364883207e64) Importer(815301076,1909f56bfc062723c751e8b465ee728b)
Start importing Assets/Models/space-exploration-wlp-series-8/source/scene.mat using Guid(355c40fdd0d86dd49b69364883207e64) Importer(815301076,1909f56bfc062723c751e8b465ee728b)  -> (artifact id: 'b18bf8d59fe1758ea68b9ec5b190b535') in 0.022535 seconds 
========================================================================
Received Import Request.
  Time since last request: 2247.359244 seconds.
  path: Assets/Scenes/ChapterChoose.unity
  artifactKey: Guid(bd944ac7227815b4e9a887ed3ce0567e) Importer(815301076,1909f56bfc062723c751e8b465ee728b)
Start importing Assets/Scenes/ChapterChoose.unity using Guid(bd944ac7227815b4e9a887ed3ce0567e) Importer(815301076,1909f56bfc062723c751e8b465ee728b)  -> (artifact id: 'e974762da2ae7fce8dfbd610b3253d5f') in 0.004393 seconds 
========================================================================
Received Import Request.
  Time since last request: 762.578288 seconds.
  path: Assets/ReuseScroller/Examples
  artifactKey: Guid(f14af7a5d9302a04dac4ede5b2311ce1) Importer(815301076,1909f56bfc062723c751e8b465ee728b)
Start importing Assets/ReuseScroller/Examples using Guid(f14af7a5d9302a04dac4ede5b2311ce1) Importer(815301076,1909f56bfc062723c751e8b465ee728b)  -> (artifact id: 'a4134735961fb33d1c042b2b69ad621b') in 0.003064 seconds 
========================================================================
Received Import Request.
  Time since last request: 0.087630 seconds.
  path: Assets/ReuseScroller/Examples/ExampleCell.prefab
  artifactKey: Guid(e89c3d2130f98624db26cde6822efe78) Importer(815301076,1909f56bfc062723c751e8b465ee728b)
Start importing Assets/ReuseScroller/Examples/ExampleCell.prefab using Guid(e89c3d2130f98624db26cde6822efe78) Importer(815301076,1909f56bfc062723c751e8b465ee728b)  -> (artifact id: '67499c867287a0b14f89699ce72aeda5') in 0.029264 seconds 
========================================================================
Received Import Request.
  Time since last request: 1.511396 seconds.
  path: Assets/ReuseScroller/Examples/ExampleHorizontal.unity
  artifactKey: Guid(7e205d503e167e140a48f41dbf5c55d9) Importer(815301076,1909f56bfc062723c751e8b465ee728b)
Start importing Assets/ReuseScroller/Examples/ExampleHorizontal.unity using Guid(7e205d503e167e140a48f41dbf5c55d9) Importer(815301076,1909f56bfc062723c751e8b465ee728b)  -> (artifact id: 'a229fd68648ca420e5284ec539a31d4d') in 0.003659 seconds 
========================================================================
Received Import Request.
  Time since last request: 270.501240 seconds.
  path: Assets/ReuseScroller/readme.pdf
  artifactKey: Guid(56638568d0b5149aab413f10cf0e144d) Importer(815301076,1909f56bfc062723c751e8b465ee728b)
Start importing Assets/ReuseScroller/readme.pdf using Guid(56638568d0b5149aab413f10cf0e144d) Importer(815301076,1909f56bfc062723c751e8b465ee728b)  -> (artifact id: 'e843ba9a7bd064c24d17151124baed72') in 0.017106 seconds 
========================================================================
Received Import Request.
  Time since last request: 36.950880 seconds.
  path: Assets/ReuseScroller/Tests
  artifactKey: Guid(876215489f124224db803afbda521cac) Importer(815301076,1909f56bfc062723c751e8b465ee728b)
Start importing Assets/ReuseScroller/Tests using Guid(876215489f124224db803afbda521cac) Importer(815301076,1909f56bfc062723c751e8b465ee728b)  -> (artifact id: '36de665255d34be321e606a6118e2784') in 0.003100 seconds 
========================================================================
Received Prepare
Registering precompiled user dll's ...
Registered in 0.017315 seconds.
Begin MonoManager ReloadAssembly
Symbol file LoadedFromMemory doesn't match image F:\github\StarWay\FYP\Library\PackageCache\com.unity.visualscripting@1.8.0\Editor\VisualScripting.Core\Dependencies\YamlDotNet\Unity.VisualScripting.YamlDotNet.dll
Symbol file LoadedFromMemory doesn't match image F:\github\StarWay\FYP\Library\PackageCache\com.unity.visualscripting@1.8.0\Editor\VisualScripting.Core\Dependencies\DotNetZip\Unity.VisualScripting.IonicZip.dll
Native extension for UWP target not found
Native extension for LinuxStandalone target not found
Native extension for WindowsStandalone target not found
Native extension for iOS target not found
Native extension for Android target not found
Native extension for OSXStandalone target not found
Native extension for WebGL target not found
Refreshing native plugins compatible for Editor in 1.17 ms, found 3 plugins.
Preloading 0 native plugins for Editor in 0.00 ms.
Mono: successfully reloaded assembly
- Completed reload, in  1.820 seconds
Domain Reload Profiling:
	ReloadAssembly (1821ms)
		BeginReloadAssembly (435ms)
			ExecutionOrderSort (0ms)
			DisableScriptedObjects (36ms)
			BackupInstance (0ms)
			ReleaseScriptingObjects (0ms)
			CreateAndSetChildDomain (151ms)
		EndReloadAssembly (1212ms)
			LoadAssemblies (214ms)
			RebuildTransferFunctionScriptingTraits (0ms)
			SetupTypeCache (310ms)
			ReleaseScriptCaches (2ms)
			RebuildScriptCaches (50ms)
			SetupLoadedEditorAssemblies (587ms)
				LogAssemblyErrors (0ms)
				InitializePlatformSupportModulesInManaged (78ms)
				SetLoadedEditorAssemblies (1ms)
				RefreshPlugins (1ms)
				BeforeProcessingInitializeOnLoad (138ms)
				ProcessInitializeOnLoadAttributes (243ms)
				ProcessInitializeOnLoadMethodAttributes (82ms)
				AfterProcessingInitializeOnLoad (44ms)
				EditorAssembliesLoaded (0ms)
			ExecutionOrderSort2 (0ms)
			AwakeInstancesAfterBackupRestoration (15ms)
Platform modules already initialized, skipping
Refreshing native plugins compatible for Editor in 2.92 ms, found 3 plugins.
Preloading 0 native plugins for Editor in 0.00 ms.
Unloading 5344 Unused Serialized files (Serialized files now loaded: 0)
Unloading 29 unused Assets / (0.9 MB). Loaded Objects now: 6072.
Memory consumption went from 222.9 MB to 222.0 MB.
Total: 5.039800 ms (FindLiveObjects: 0.409300 ms CreateObjectMapping: 0.316700 ms MarkObjects: 3.882100 ms  DeleteObjects: 0.430500 ms)

AssetImportParameters requested are different than current active one (requested -> active):
  custom:video-decoder-ogg-theora: a1e56fd34408186e4bbccfd4996cb3dc -> 
  custom:container-muxer-webm: aa71ff27fc2769a1b78a27578f13a17b -> 
  custom:container-demuxer-webm: 4f35f7cbe854078d1ac9338744f61a02 -> 
  custom:video-encoder-webm-vp8: eb34c28f22e8b96e1ab97ce403110664 -> 
  custom:audio-encoder-webm-vorbis: bf7c407c2cedff20999df2af8eb42d56 -> 
  custom:framework-win-MediaFoundation: 216162199b28c13a410421893ffa2e32 -> 
  custom:container-demuxer-ogg: 62fdf1f143b41e24485cea50d1cbac27 -> 
  custom:video-decoder-webm-vp8: 9c59270c3fd7afecdb556c50c9e8de78 -> 
  custom:audio-decoder-ogg-vorbis: bf7c407c2cedff20999df2af8eb42d56 -> 
========================================================================
Received Import Request.
  Time since last request: 25.343427 seconds.
  path: Assets/ReuseScroller/Examples/ExampleCell.prefab
  artifactKey: Guid(e89c3d2130f98624db26cde6822efe78) Importer(815301076,1909f56bfc062723c751e8b465ee728b)
Start importing Assets/ReuseScroller/Examples/ExampleCell.prefab using Guid(e89c3d2130f98624db26cde6822efe78) Importer(815301076,1909f56bfc062723c751e8b465ee728b)  -> (artifact id: '67499c867287a0b14f89699ce72aeda5') in 0.034117 seconds 
========================================================================
Received Import Request.
  Time since last request: 1.991514 seconds.
  path: Assets/ReuseScroller/Examples/ExampleHorizontal.unity
  artifactKey: Guid(7e205d503e167e140a48f41dbf5c55d9) Importer(815301076,1909f56bfc062723c751e8b465ee728b)
Start importing Assets/ReuseScroller/Examples/ExampleHorizontal.unity using Guid(7e205d503e167e140a48f41dbf5c55d9) Importer(815301076,1909f56bfc062723c751e8b465ee728b)  -> (artifact id: '27dc40f1e8c44e12344e0181cfd79d50') in 0.003077 seconds 
========================================================================
Received Prepare
Registering precompiled user dll's ...
Registered in 0.019033 seconds.
Begin MonoManager ReloadAssembly
Symbol file LoadedFromMemory doesn't match image F:\github\StarWay\FYP\Library\PackageCache\com.unity.visualscripting@1.8.0\Editor\VisualScripting.Core\Dependencies\YamlDotNet\Unity.VisualScripting.YamlDotNet.dll
Symbol file LoadedFromMemory doesn't match image F:\github\StarWay\FYP\Library\PackageCache\com.unity.visualscripting@1.8.0\Editor\VisualScripting.Core\Dependencies\DotNetZip\Unity.VisualScripting.IonicZip.dll
Native extension for UWP target not found
Native extension for LinuxStandalone target not found
Native extension for WindowsStandalone target not found
Native extension for iOS target not found
Native extension for Android target not found
Native extension for OSXStandalone target not found
Native extension for WebGL target not found
Refreshing native plugins compatible for Editor in 0.90 ms, found 3 plugins.
Preloading 0 native plugins for Editor in 0.00 ms.
Mono: successfully reloaded assembly
- Completed reload, in  1.839 seconds
Domain Reload Profiling:
	ReloadAssembly (1840ms)
		BeginReloadAssembly (277ms)
			ExecutionOrderSort (0ms)
			DisableScriptedObjects (6ms)
			BackupInstance (0ms)
			ReleaseScriptingObjects (0ms)
			CreateAndSetChildDomain (42ms)
		EndReloadAssembly (1358ms)
			LoadAssemblies (215ms)
			RebuildTransferFunctionScriptingTraits (0ms)
			SetupTypeCache (320ms)
			ReleaseScriptCaches (2ms)
			RebuildScriptCaches (62ms)
			SetupLoadedEditorAssemblies (696ms)
				LogAssemblyErrors (0ms)
				InitializePlatformSupportModulesInManaged (92ms)
				SetLoadedEditorAssemblies (0ms)
				RefreshPlugins (1ms)
				BeforeProcessingInitializeOnLoad (143ms)
				ProcessInitializeOnLoadAttributes (301ms)
				ProcessInitializeOnLoadMethodAttributes (98ms)
				AfterProcessingInitializeOnLoad (59ms)
				EditorAssembliesLoaded (0ms)
			ExecutionOrderSort2 (0ms)
			AwakeInstancesAfterBackupRestoration (18ms)
Platform modules already initialized, skipping
Refreshing native plugins compatible for Editor in 4.35 ms, found 3 plugins.
Preloading 0 native plugins for Editor in 0.00 ms.
Unloading 5345 Unused Serialized files (Serialized files now loaded: 0)
Unloading 29 unused Assets / (0.9 MB). Loaded Objects now: 6087.
Memory consumption went from 222.9 MB to 222.0 MB.
Total: 4.164700 ms (FindLiveObjects: 0.398800 ms CreateObjectMapping: 0.318100 ms MarkObjects: 2.946300 ms  DeleteObjects: 0.500500 ms)

AssetImportParameters requested are different than current active one (requested -> active):
  custom:video-decoder-ogg-theora: a1e56fd34408186e4bbccfd4996cb3dc -> 
  custom:container-muxer-webm: aa71ff27fc2769a1b78a27578f13a17b -> 
  custom:container-demuxer-webm: 4f35f7cbe854078d1ac9338744f61a02 -> 
  custom:video-encoder-webm-vp8: eb34c28f22e8b96e1ab97ce403110664 -> 
  custom:audio-encoder-webm-vorbis: bf7c407c2cedff20999df2af8eb42d56 -> 
  custom:framework-win-MediaFoundation: 216162199b28c13a410421893ffa2e32 -> 
  custom:container-demuxer-ogg: 62fdf1f143b41e24485cea50d1cbac27 -> 
  custom:video-decoder-webm-vp8: 9c59270c3fd7afecdb556c50c9e8de78 -> 
  custom:audio-decoder-ogg-vorbis: bf7c407c2cedff20999df2af8eb42d56 -> 
========================================================================
Received Import Request.
  Time since last request: 9.734192 seconds.
  path: Assets/ReuseScroller/Examples/ExampleCell.prefab
  artifactKey: Guid(e89c3d2130f98624db26cde6822efe78) Importer(815301076,1909f56bfc062723c751e8b465ee728b)
Start importing Assets/ReuseScroller/Examples/ExampleCell.prefab using Guid(e89c3d2130f98624db26cde6822efe78) Importer(815301076,1909f56bfc062723c751e8b465ee728b)  -> (artifact id: '6863c9aed617488ab5abe772ff2b7a00') in 0.039646 seconds 
========================================================================
Received Import Request.
  Time since last request: 9.446201 seconds.
  path: Assets/ReuseScroller/Examples/ExampleScriptableObject.unity
  artifactKey: Guid(79f19baf64edd104ca93fab8a66ec84d) Importer(815301076,1909f56bfc062723c751e8b465ee728b)
Start importing Assets/ReuseScroller/Examples/ExampleScriptableObject.unity using Guid(79f19baf64edd104ca93fab8a66ec84d) Importer(815301076,1909f56bfc062723c751e8b465ee728b)  -> (artifact id: 'eba7e3db0cc90261fc6049e136ec3d11') in 0.002952 seconds 
========================================================================
Received Prepare
Registering precompiled user dll's ...
Registered in 0.030854 seconds.
Begin MonoManager ReloadAssembly
Symbol file LoadedFromMemory doesn't match image F:\github\StarWay\FYP\Library\PackageCache\com.unity.visualscripting@1.8.0\Editor\VisualScripting.Core\Dependencies\YamlDotNet\Unity.VisualScripting.YamlDotNet.dll
Symbol file LoadedFromMemory doesn't match image F:\github\StarWay\FYP\Library\PackageCache\com.unity.visualscripting@1.8.0\Editor\VisualScripting.Core\Dependencies\DotNetZip\Unity.VisualScripting.IonicZip.dll
Native extension for UWP target not found
Native extension for LinuxStandalone target not found
Native extension for WindowsStandalone target not found
Native extension for iOS target not found
Native extension for Android target not found
Native extension for OSXStandalone target not found
Native extension for WebGL target not found
Refreshing native plugins compatible for Editor in 1.50 ms, found 3 plugins.
Preloading 0 native plugins for Editor in 0.00 ms.
Mono: successfully reloaded assembly
- Completed reload, in  2.732 seconds
Domain Reload Profiling:
	ReloadAssembly (2734ms)
		BeginReloadAssembly (388ms)
			ExecutionOrderSort (0ms)
			DisableScriptedObjects (8ms)
			BackupInstance (0ms)
			ReleaseScriptingObjects (0ms)
			CreateAndSetChildDomain (55ms)
		EndReloadAssembly (2078ms)
			LoadAssemblies (333ms)
			RebuildTransferFunctionScriptingTraits (0ms)
			SetupTypeCache (526ms)
			ReleaseScriptCaches (3ms)
			RebuildScriptCaches (98ms)
			SetupLoadedEditorAssemblies (1019ms)
				LogAssemblyErrors (0ms)
				InitializePlatformSupportModulesInManaged (151ms)
				SetLoadedEditorAssemblies (1ms)
				RefreshPlugins (2ms)
				BeforeProcessingInitializeOnLoad (221ms)
				ProcessInitializeOnLoadAttributes (417ms)
				ProcessInitializeOnLoadMethodAttributes (140ms)
				AfterProcessingInitializeOnLoad (86ms)
				EditorAssembliesLoaded (0ms)
			ExecutionOrderSort2 (0ms)
			AwakeInstancesAfterBackupRestoration (28ms)
Platform modules already initialized, skipping
Refreshing native plugins compatible for Editor in 5.00 ms, found 3 plugins.
Preloading 0 native plugins for Editor in 0.00 ms.
Unloading 5345 Unused Serialized files (Serialized files now loaded: 0)
Unloading 29 unused Assets / (0.9 MB). Loaded Objects now: 6102.
Memory consumption went from 222.9 MB to 222.0 MB.
Total: 5.122800 ms (FindLiveObjects: 0.502700 ms CreateObjectMapping: 0.430800 ms MarkObjects: 3.720400 ms  DeleteObjects: 0.467800 ms)

AssetImportParameters requested are different than current active one (requested -> active):
  custom:video-decoder-ogg-theora: a1e56fd34408186e4bbccfd4996cb3dc -> 
  custom:container-muxer-webm: aa71ff27fc2769a1b78a27578f13a17b -> 
  custom:container-demuxer-webm: 4f35f7cbe854078d1ac9338744f61a02 -> 
  custom:video-encoder-webm-vp8: eb34c28f22e8b96e1ab97ce403110664 -> 
  custom:audio-encoder-webm-vorbis: bf7c407c2cedff20999df2af8eb42d56 -> 
  custom:framework-win-MediaFoundation: 216162199b28c13a410421893ffa2e32 -> 
  custom:container-demuxer-ogg: 62fdf1f143b41e24485cea50d1cbac27 -> 
  custom:video-decoder-webm-vp8: 9c59270c3fd7afecdb556c50c9e8de78 -> 
  custom:audio-decoder-ogg-vorbis: bf7c407c2cedff20999df2af8eb42d56 -> 
========================================================================
Received Import Request.
  Time since last request: 406.820034 seconds.
  path: Assets/ReuseScroller/Examples/ExampleVertical.unity
  artifactKey: Guid(18bf3b06e1b245047acf8b012993abe7) Importer(815301076,1909f56bfc062723c751e8b465ee728b)
Start importing Assets/ReuseScroller/Examples/ExampleVertical.unity using Guid(18bf3b06e1b245047acf8b012993abe7) Importer(815301076,1909f56bfc062723c751e8b465ee728b)  -> (artifact id: '56bc90fe4cb42826b6df3ed5a0fc9551') in 0.012923 seconds 
========================================================================
Received Prepare
Registering precompiled user dll's ...
Registered in 0.028041 seconds.
Begin MonoManager ReloadAssembly
Symbol file LoadedFromMemory doesn't match image F:\github\StarWay\FYP\Library\PackageCache\com.unity.visualscripting@1.8.0\Editor\VisualScripting.Core\Dependencies\YamlDotNet\Unity.VisualScripting.YamlDotNet.dll
Symbol file LoadedFromMemory doesn't match image F:\github\StarWay\FYP\Library\PackageCache\com.unity.visualscripting@1.8.0\Editor\VisualScripting.Core\Dependencies\DotNetZip\Unity.VisualScripting.IonicZip.dll
Native extension for UWP target not found
Native extension for LinuxStandalone target not found
Native extension for WindowsStandalone target not found
Native extension for iOS target not found
Native extension for Android target not found
Native extension for OSXStandalone target not found
Native extension for WebGL target not found
Refreshing native plugins compatible for Editor in 1.04 ms, found 3 plugins.
Preloading 0 native plugins for Editor in 0.00 ms.
Mono: successfully reloaded assembly
- Completed reload, in  2.724 seconds
Domain Reload Profiling:
	ReloadAssembly (2725ms)
		BeginReloadAssembly (375ms)
			ExecutionOrderSort (0ms)
			DisableScriptedObjects (8ms)
			BackupInstance (0ms)
			ReleaseScriptingObjects (0ms)
			CreateAndSetChildDomain (54ms)
		EndReloadAssembly (2066ms)
			LoadAssemblies (333ms)
			RebuildTransferFunctionScriptingTraits (0ms)
			SetupTypeCache (519ms)
			ReleaseScriptCaches (3ms)
			RebuildScriptCaches (90ms)
			SetupLoadedEditorAssemblies (1011ms)
				LogAssemblyErrors (0ms)
				InitializePlatformSupportModulesInManaged (145ms)
				SetLoadedEditorAssemblies (1ms)
				RefreshPlugins (1ms)
				BeforeProcessingInitializeOnLoad (228ms)
				ProcessInitializeOnLoadAttributes (412ms)
				ProcessInitializeOnLoadMethodAttributes (134ms)
				AfterProcessingInitializeOnLoad (89ms)
				EditorAssembliesLoaded (0ms)
			ExecutionOrderSort2 (0ms)
			AwakeInstancesAfterBackupRestoration (31ms)
Platform modules already initialized, skipping
Refreshing native plugins compatible for Editor in 6.38 ms, found 3 plugins.
Preloading 0 native plugins for Editor in 0.00 ms.
Unloading 5345 Unused Serialized files (Serialized files now loaded: 0)
Unloading 28 unused Assets / (0.9 MB). Loaded Objects now: 6117.
Memory consumption went from 222.9 MB to 222.1 MB.
Total: 6.753500 ms (FindLiveObjects: 0.534600 ms CreateObjectMapping: 0.453900 ms MarkObjects: 5.283500 ms  DeleteObjects: 0.480300 ms)

AssetImportParameters requested are different than current active one (requested -> active):
  custom:video-decoder-ogg-theora: a1e56fd34408186e4bbccfd4996cb3dc -> 
  custom:container-muxer-webm: aa71ff27fc2769a1b78a27578f13a17b -> 
  custom:container-demuxer-webm: 4f35f7cbe854078d1ac9338744f61a02 -> 
  custom:video-encoder-webm-vp8: eb34c28f22e8b96e1ab97ce403110664 -> 
  custom:audio-encoder-webm-vorbis: bf7c407c2cedff20999df2af8eb42d56 -> 
  custom:framework-win-MediaFoundation: 216162199b28c13a410421893ffa2e32 -> 
  custom:container-demuxer-ogg: 62fdf1f143b41e24485cea50d1cbac27 -> 
  custom:video-decoder-webm-vp8: 9c59270c3fd7afecdb556c50c9e8de78 -> 
  custom:audio-decoder-ogg-vorbis: bf7c407c2cedff20999df2af8eb42d56 -> 
========================================================================
Received Import Request.
  Time since last request: 109.660657 seconds.
  path: Assets/ReuseScroller/Examples/ExampleVerticalSettings.lighting
  artifactKey: Guid(0c8a115d65ba5134a850dbc432b2abf1) Importer(815301076,1909f56bfc062723c751e8b465ee728b)
Start importing Assets/ReuseScroller/Examples/ExampleVerticalSettings.lighting using Guid(0c8a115d65ba5134a850dbc432b2abf1) Importer(815301076,1909f56bfc062723c751e8b465ee728b) LightingSettings: switching bake backend from 1 to 0.
 -> (artifact id: '0510e083b8093479549bd1f72466b97c') in 0.031328 seconds 
========================================================================
Received Import Request.
  Time since last request: 51.665085 seconds.
  path: Assets/Scenes/ChapterChoose.unity
  artifactKey: Guid(79f19baf64edd104ca93fab8a66ec84d) Importer(815301076,1909f56bfc062723c751e8b465ee728b)
Start importing Assets/Scenes/ChapterChoose.unity using Guid(79f19baf64edd104ca93fab8a66ec84d) Importer(815301076,1909f56bfc062723c751e8b465ee728b)  -> (artifact id: '0d1b7f3dddf1e123065097607f68b691') in 0.003707 seconds 
========================================================================
Received Prepare
Registering precompiled user dll's ...
Registered in 0.026113 seconds.
Begin MonoManager ReloadAssembly
Symbol file LoadedFromMemory doesn't match image F:\github\StarWay\FYP\Library\PackageCache\com.unity.visualscripting@1.8.0\Editor\VisualScripting.Core\Dependencies\YamlDotNet\Unity.VisualScripting.YamlDotNet.dll
Symbol file LoadedFromMemory doesn't match image F:\github\StarWay\FYP\Library\PackageCache\com.unity.visualscripting@1.8.0\Editor\VisualScripting.Core\Dependencies\DotNetZip\Unity.VisualScripting.IonicZip.dll
Native extension for UWP target not found
Native extension for LinuxStandalone target not found
Native extension for WindowsStandalone target not found
Native extension for iOS target not found
Native extension for Android target not found
Native extension for OSXStandalone target not found
Native extension for WebGL target not found
Refreshing native plugins compatible for Editor in 1.17 ms, found 3 plugins.
Preloading 0 native plugins for Editor in 0.00 ms.
Mono: successfully reloaded assembly
- Completed reload, in  2.678 seconds
Domain Reload Profiling:
	ReloadAssembly (2679ms)
		BeginReloadAssembly (386ms)
			ExecutionOrderSort (0ms)
			DisableScriptedObjects (10ms)
			BackupInstance (0ms)
			ReleaseScriptingObjects (0ms)
			CreateAndSetChildDomain (53ms)
		EndReloadAssembly (2003ms)
			LoadAssemblies (332ms)
			RebuildTransferFunctionScriptingTraits (0ms)
			SetupTypeCache (477ms)
			ReleaseScriptCaches (3ms)
			RebuildScriptCaches (94ms)
			SetupLoadedEditorAssemblies (1001ms)
				LogAssemblyErrors (0ms)
				InitializePlatformSupportModulesInManaged (136ms)
				SetLoadedEditorAssemblies (1ms)
				RefreshPlugins (1ms)
				BeforeProcessingInitializeOnLoad (225ms)
				ProcessInitializeOnLoadAttributes (416ms)
				ProcessInitializeOnLoadMethodAttributes (134ms)
				AfterProcessingInitializeOnLoad (87ms)
				EditorAssembliesLoaded (0ms)
			ExecutionOrderSort2 (0ms)
			AwakeInstancesAfterBackupRestoration (25ms)
Platform modules already initialized, skipping
Refreshing native plugins compatible for Editor in 5.76 ms, found 3 plugins.
Preloading 0 native plugins for Editor in 0.00 ms.
Unloading 5345 Unused Serialized files (Serialized files now loaded: 0)
Unloading 28 unused Assets / (0.9 MB). Loaded Objects now: 6132.
Memory consumption went from 223.0 MB to 222.1 MB.
Total: 5.467300 ms (FindLiveObjects: 0.512000 ms CreateObjectMapping: 0.512800 ms MarkObjects: 3.943700 ms  DeleteObjects: 0.497600 ms)

AssetImportParameters requested are different than current active one (requested -> active):
  custom:video-decoder-ogg-theora: a1e56fd34408186e4bbccfd4996cb3dc -> 
  custom:container-muxer-webm: aa71ff27fc2769a1b78a27578f13a17b -> 
  custom:container-demuxer-webm: 4f35f7cbe854078d1ac9338744f61a02 -> 
  custom:video-encoder-webm-vp8: eb34c28f22e8b96e1ab97ce403110664 -> 
  custom:audio-encoder-webm-vorbis: bf7c407c2cedff20999df2af8eb42d56 -> 
  custom:framework-win-MediaFoundation: 216162199b28c13a410421893ffa2e32 -> 
  custom:container-demuxer-ogg: 62fdf1f143b41e24485cea50d1cbac27 -> 
  custom:video-decoder-webm-vp8: 9c59270c3fd7afecdb556c50c9e8de78 -> 
  custom:audio-decoder-ogg-vorbis: bf7c407c2cedff20999df2af8eb42d56 -> 
========================================================================
Received Import Request.
  Time since last request: 51.427386 seconds.
  path: Assets/ReuseScroller/Examples/ExampleHorizontal.unity
  artifactKey: Guid(7e205d503e167e140a48f41dbf5c55d9) Importer(815301076,1909f56bfc062723c751e8b465ee728b)
Start importing Assets/ReuseScroller/Examples/ExampleHorizontal.unity using Guid(7e205d503e167e140a48f41dbf5c55d9) Importer(815301076,1909f56bfc062723c751e8b465ee728b)  -> (artifact id: '5e4e6e08f23b8fdaccd1e12b7481fa22') in 0.011190 seconds 
========================================================================
Received Import Request.
  Time since last request: 0.547980 seconds.
  path: Assets/ReuseScroller/Examples/ExampleHorizontalSettings.lighting
  artifactKey: Guid(18b3cbe4478edf64fb535b937aac87e4) Importer(815301076,1909f56bfc062723c751e8b465ee728b)
Start importing Assets/ReuseScroller/Examples/ExampleHorizontalSettings.lighting using Guid(18b3cbe4478edf64fb535b937aac87e4) Importer(815301076,1909f56bfc062723c751e8b465ee728b) LightingSettings: switching bake backend from 1 to 0.
 -> (artifact id: '5e11758484c6ba93a0cc2befaa6a940f') in 0.013147 seconds 
========================================================================
Received Import Request.
  Time since last request: 11.105070 seconds.
  path: Assets/ReuseScroller/Examples/ExampleTable.cs
  artifactKey: Guid(914158381a0c96b46b9039eb35cf8f8d) Importer(815301076,1909f56bfc062723c751e8b465ee728b)
Start importing Assets/ReuseScroller/Examples/ExampleTable.cs using Guid(914158381a0c96b46b9039eb35cf8f8d) Importer(815301076,1909f56bfc062723c751e8b465ee728b)  -> (artifact id: '79c6f361dadf94ac9df1dec060fddf0f') in 0.012920 seconds 
========================================================================
Received Import Request.
  Time since last request: 1.389334 seconds.
  path: Assets/ReuseScroller/Examples/ExampleTableController.cs
  artifactKey: Guid(73f29ac8263fee547aa12e3d62747b8f) Importer(815301076,1909f56bfc062723c751e8b465ee728b)
Start importing Assets/ReuseScroller/Examples/ExampleTableController.cs using Guid(73f29ac8263fee547aa12e3d62747b8f) Importer(815301076,1909f56bfc062723c751e8b465ee728b)  -> (artifact id: '09ca54b00a51f965820c3aba7b9c5d12') in 0.002944 seconds 
========================================================================
Received Import Request.
  Time since last request: 5.412231 seconds.
  path: Assets/ReuseScroller/Examples/ExampleController.cs
  artifactKey: Guid(0673c17aa809af64ab05e0d3f71594dc) Importer(815301076,1909f56bfc062723c751e8b465ee728b)
Start importing Assets/ReuseScroller/Examples/ExampleController.cs using Guid(0673c17aa809af64ab05e0d3f71594dc) Importer(815301076,1909f56bfc062723c751e8b465ee728b)  -> (artifact id: 'c3e25cf31f462209782f85c1f1db4e29') in 0.002973 seconds 
========================================================================
Received Import Request.
  Time since last request: 3.183296 seconds.
  path: Assets/ReuseScroller/Examples/ExampleCell.cs
  artifactKey: Guid(c3688853f9850eb4897831deaa7c1832) Importer(815301076,1909f56bfc062723c751e8b465ee728b)
Start importing Assets/ReuseScroller/Examples/ExampleCell.cs using Guid(c3688853f9850eb4897831deaa7c1832) Importer(815301076,1909f56bfc062723c751e8b465ee728b)  -> (artifact id: '1b9e7ca5897903b3491c003fac88032d') in 0.002682 seconds 
========================================================================
Received Import Request.
  Time since last request: 6.984635 seconds.
  path: Assets/ReuseScroller/Examples/ExampleScriptableObjectSettings.lighting
  artifactKey: Guid(30f9b1b42ea6bc4409c3e1a5dbfc1c28) Importer(815301076,1909f56bfc062723c751e8b465ee728b)
Start importing Assets/ReuseScroller/Examples/ExampleScriptableObjectSettings.lighting using Guid(30f9b1b42ea6bc4409c3e1a5dbfc1c28) Importer(815301076,1909f56bfc062723c751e8b465ee728b) LightingSettings: switching bake backend from 1 to 0.
 -> (artifact id: 'ece07ad70c1db63fb9e2af789162a55f') in 0.004040 seconds 
========================================================================
Received Import Request.
  Time since last request: 27.279614 seconds.
  path: Assets/Scenes/ChapterChoose.unity
  artifactKey: Guid(79f19baf64edd104ca93fab8a66ec84d) Importer(815301076,1909f56bfc062723c751e8b465ee728b)
Start importing Assets/Scenes/ChapterChoose.unity using Guid(79f19baf64edd104ca93fab8a66ec84d) Importer(815301076,1909f56bfc062723c751e8b465ee728b)  -> (artifact id: 'a8383f5de483b17875775625859597e3') in 0.003077 seconds 
========================================================================
Received Prepare
Registering precompiled user dll's ...
Registered in 0.017667 seconds.
Begin MonoManager ReloadAssembly
Symbol file LoadedFromMemory doesn't match image F:\github\StarWay\FYP\Library\PackageCache\com.unity.visualscripting@1.8.0\Editor\VisualScripting.Core\Dependencies\YamlDotNet\Unity.VisualScripting.YamlDotNet.dll
Symbol file LoadedFromMemory doesn't match image F:\github\StarWay\FYP\Library\PackageCache\com.unity.visualscripting@1.8.0\Editor\VisualScripting.Core\Dependencies\DotNetZip\Unity.VisualScripting.IonicZip.dll
Native extension for UWP target not found
Native extension for LinuxStandalone target not found
Native extension for WindowsStandalone target not found
Native extension for iOS target not found
Native extension for Android target not found
Native extension for OSXStandalone target not found
Native extension for WebGL target not found
Refreshing native plugins compatible for Editor in 0.88 ms, found 3 plugins.
Preloading 0 native plugins for Editor in 0.00 ms.
Mono: successfully reloaded assembly
- Completed reload, in  1.830 seconds
Domain Reload Profiling:
	ReloadAssembly (1830ms)
		BeginReloadAssembly (316ms)
			ExecutionOrderSort (0ms)
			DisableScriptedObjects (9ms)
			BackupInstance (0ms)
			ReleaseScriptingObjects (0ms)
			CreateAndSetChildDomain (37ms)
		EndReloadAssembly (1301ms)
			LoadAssemblies (274ms)
			RebuildTransferFunctionScriptingTraits (0ms)
			SetupTypeCache (319ms)
			ReleaseScriptCaches (2ms)
			RebuildScriptCaches (58ms)
			SetupLoadedEditorAssemblies (644ms)
				LogAssemblyErrors (0ms)
				InitializePlatformSupportModulesInManaged (91ms)
				SetLoadedEditorAssemblies (0ms)
				RefreshPlugins (1ms)
				BeforeProcessingInitializeOnLoad (142ms)
				ProcessInitializeOnLoadAttributes (268ms)
				ProcessInitializeOnLoadMethodAttributes (86ms)
				AfterProcessingInitializeOnLoad (54ms)
				EditorAssembliesLoaded (0ms)
			ExecutionOrderSort2 (0ms)
			AwakeInstancesAfterBackupRestoration (17ms)
Platform modules already initialized, skipping
Refreshing native plugins compatible for Editor in 3.34 ms, found 3 plugins.
Preloading 0 native plugins for Editor in 0.00 ms.
Unloading 5345 Unused Serialized files (Serialized files now loaded: 0)
Unloading 28 unused Assets / (0.9 MB). Loaded Objects now: 6147.
Memory consumption went from 223.0 MB to 222.1 MB.
Total: 4.682000 ms (FindLiveObjects: 0.592400 ms CreateObjectMapping: 0.521200 ms MarkObjects: 2.806600 ms  DeleteObjects: 0.760600 ms)

AssetImportParameters requested are different than current active one (requested -> active):
  custom:video-decoder-ogg-theora: a1e56fd34408186e4bbccfd4996cb3dc -> 
  custom:container-muxer-webm: aa71ff27fc2769a1b78a27578f13a17b -> 
  custom:container-demuxer-webm: 4f35f7cbe854078d1ac9338744f61a02 -> 
  custom:video-encoder-webm-vp8: eb34c28f22e8b96e1ab97ce403110664 -> 
  custom:audio-encoder-webm-vorbis: bf7c407c2cedff20999df2af8eb42d56 -> 
  custom:framework-win-MediaFoundation: 216162199b28c13a410421893ffa2e32 -> 
  custom:container-demuxer-ogg: 62fdf1f143b41e24485cea50d1cbac27 -> 
  custom:video-decoder-webm-vp8: 9c59270c3fd7afecdb556c50c9e8de78 -> 
  custom:audio-decoder-ogg-vorbis: bf7c407c2cedff20999df2af8eb42d56 -> 
========================================================================
Received Prepare
Registering precompiled user dll's ...
Registered in 0.020049 seconds.
Begin MonoManager ReloadAssembly
Symbol file LoadedFromMemory doesn't match image F:\github\StarWay\FYP\Library\PackageCache\com.unity.visualscripting@1.8.0\Editor\VisualScripting.Core\Dependencies\YamlDotNet\Unity.VisualScripting.YamlDotNet.dll
Symbol file LoadedFromMemory doesn't match image F:\github\StarWay\FYP\Library\PackageCache\com.unity.visualscripting@1.8.0\Editor\VisualScripting.Core\Dependencies\DotNetZip\Unity.VisualScripting.IonicZip.dll
Native extension for UWP target not found
Native extension for LinuxStandalone target not found
Native extension for WindowsStandalone target not found
Native extension for iOS target not found
Native extension for Android target not found
Native extension for OSXStandalone target not found
Native extension for WebGL target not found
Refreshing native plugins compatible for Editor in 1.36 ms, found 3 plugins.
Preloading 0 native plugins for Editor in 0.00 ms.
Mono: successfully reloaded assembly
- Completed reload, in  1.784 seconds
Domain Reload Profiling:
	ReloadAssembly (1785ms)
		BeginReloadAssembly (286ms)
			ExecutionOrderSort (0ms)
			DisableScriptedObjects (5ms)
			BackupInstance (0ms)
			ReleaseScriptingObjects (0ms)
			CreateAndSetChildDomain (59ms)
		EndReloadAssembly (1312ms)
			LoadAssemblies (215ms)
			RebuildTransferFunctionScriptingTraits (0ms)
			SetupTypeCache (327ms)
			ReleaseScriptCaches (2ms)
			RebuildScriptCaches (62ms)
			SetupLoadedEditorAssemblies (644ms)
				LogAssemblyErrors (0ms)
				InitializePlatformSupportModulesInManaged (85ms)
				SetLoadedEditorAssemblies (0ms)
				RefreshPlugins (1ms)
				BeforeProcessingInitializeOnLoad (146ms)
				ProcessInitializeOnLoadAttributes (267ms)
				ProcessInitializeOnLoadMethodAttributes (90ms)
				AfterProcessingInitializeOnLoad (54ms)
				EditorAssembliesLoaded (0ms)
			ExecutionOrderSort2 (0ms)
			AwakeInstancesAfterBackupRestoration (17ms)
Platform modules already initialized, skipping
Refreshing native plugins compatible for Editor in 3.55 ms, found 3 plugins.
Preloading 0 native plugins for Editor in 0.00 ms.
Unloading 5345 Unused Serialized files (Serialized files now loaded: 0)
Unloading 28 unused Assets / (0.9 MB). Loaded Objects now: 6162.
Memory consumption went from 223.0 MB to 222.1 MB.
Total: 6.315200 ms (FindLiveObjects: 0.602400 ms CreateObjectMapping: 0.782400 ms MarkObjects: 4.498800 ms  DeleteObjects: 0.430400 ms)

AssetImportParameters requested are different than current active one (requested -> active):
  custom:video-decoder-ogg-theora: a1e56fd34408186e4bbccfd4996cb3dc -> 
  custom:container-muxer-webm: aa71ff27fc2769a1b78a27578f13a17b -> 
  custom:container-demuxer-webm: 4f35f7cbe854078d1ac9338744f61a02 -> 
  custom:video-encoder-webm-vp8: eb34c28f22e8b96e1ab97ce403110664 -> 
  custom:audio-encoder-webm-vorbis: bf7c407c2cedff20999df2af8eb42d56 -> 
  custom:framework-win-MediaFoundation: 216162199b28c13a410421893ffa2e32 -> 
  custom:container-demuxer-ogg: 62fdf1f143b41e24485cea50d1cbac27 -> 
  custom:video-decoder-webm-vp8: 9c59270c3fd7afecdb556c50c9e8de78 -> 
  custom:audio-decoder-ogg-vorbis: bf7c407c2cedff20999df2af8eb42d56 -> 
========================================================================
Received Prepare
Registering precompiled user dll's ...
Registered in 0.024598 seconds.
Begin MonoManager ReloadAssembly
Symbol file LoadedFromMemory doesn't match image F:\github\StarWay\FYP\Library\PackageCache\com.unity.visualscripting@1.8.0\Editor\VisualScripting.Core\Dependencies\YamlDotNet\Unity.VisualScripting.YamlDotNet.dll
Symbol file LoadedFromMemory doesn't match image F:\github\StarWay\FYP\Library\PackageCache\com.unity.visualscripting@1.8.0\Editor\VisualScripting.Core\Dependencies\DotNetZip\Unity.VisualScripting.IonicZip.dll
Native extension for UWP target not found
Native extension for LinuxStandalone target not found
Native extension for WindowsStandalone target not found
Native extension for iOS target not found
Native extension for Android target not found
Native extension for OSXStandalone target not found
Native extension for WebGL target not found
Refreshing native plugins compatible for Editor in 0.77 ms, found 3 plugins.
Preloading 0 native plugins for Editor in 0.00 ms.
Mono: successfully reloaded assembly
- Completed reload, in  1.628 seconds
Domain Reload Profiling:
	ReloadAssembly (1629ms)
		BeginReloadAssembly (275ms)
			ExecutionOrderSort (0ms)
			DisableScriptedObjects (5ms)
			BackupInstance (0ms)
			ReleaseScriptingObjects (0ms)
			CreateAndSetChildDomain (41ms)
		EndReloadAssembly (1158ms)
			LoadAssemblies (236ms)
			RebuildTransferFunctionScriptingTraits (0ms)
			SetupTypeCache (275ms)
			ReleaseScriptCaches (2ms)
			RebuildScriptCaches (50ms)
			SetupLoadedEditorAssemblies (577ms)
				LogAssemblyErrors (0ms)
				InitializePlatformSupportModulesInManaged (80ms)
				SetLoadedEditorAssemblies (0ms)
				RefreshPlugins (1ms)
				BeforeProcessingInitializeOnLoad (139ms)
				ProcessInitializeOnLoadAttributes (227ms)
				ProcessInitializeOnLoadMethodAttributes (72ms)
				AfterProcessingInitializeOnLoad (58ms)
				EditorAssembliesLoaded (0ms)
			ExecutionOrderSort2 (0ms)
			AwakeInstancesAfterBackupRestoration (15ms)
Platform modules already initialized, skipping
Refreshing native plugins compatible for Editor in 3.27 ms, found 3 plugins.
Preloading 0 native plugins for Editor in 0.00 ms.
Unloading 5345 Unused Serialized files (Serialized files now loaded: 0)
Unloading 28 unused Assets / (0.9 MB). Loaded Objects now: 6177.
Memory consumption went from 223.0 MB to 222.2 MB.
Total: 3.633900 ms (FindLiveObjects: 0.404600 ms CreateObjectMapping: 0.330800 ms MarkObjects: 2.552900 ms  DeleteObjects: 0.344700 ms)

AssetImportParameters requested are different than current active one (requested -> active):
  custom:video-decoder-ogg-theora: a1e56fd34408186e4bbccfd4996cb3dc -> 
  custom:container-muxer-webm: aa71ff27fc2769a1b78a27578f13a17b -> 
  custom:container-demuxer-webm: 4f35f7cbe854078d1ac9338744f61a02 -> 
  custom:video-encoder-webm-vp8: eb34c28f22e8b96e1ab97ce403110664 -> 
  custom:audio-encoder-webm-vorbis: bf7c407c2cedff20999df2af8eb42d56 -> 
  custom:framework-win-MediaFoundation: 216162199b28c13a410421893ffa2e32 -> 
  custom:container-demuxer-ogg: 62fdf1f143b41e24485cea50d1cbac27 -> 
  custom:video-decoder-webm-vp8: 9c59270c3fd7afecdb556c50c9e8de78 -> 
  custom:audio-decoder-ogg-vorbis: bf7c407c2cedff20999df2af8eb42d56 -> 
========================================================================
Received Prepare
Registering precompiled user dll's ...
Registered in 0.017854 seconds.
Begin MonoManager ReloadAssembly
Symbol file LoadedFromMemory doesn't match image F:\github\StarWay\FYP\Library\PackageCache\com.unity.visualscripting@1.8.0\Editor\VisualScripting.Core\Dependencies\YamlDotNet\Unity.VisualScripting.YamlDotNet.dll
Symbol file LoadedFromMemory doesn't match image F:\github\StarWay\FYP\Library\PackageCache\com.unity.visualscripting@1.8.0\Editor\VisualScripting.Core\Dependencies\DotNetZip\Unity.VisualScripting.IonicZip.dll
Native extension for UWP target not found
Native extension for LinuxStandalone target not found
Native extension for WindowsStandalone target not found
Native extension for iOS target not found
Native extension for Android target not found
Native extension for OSXStandalone target not found
Native extension for WebGL target not found
Refreshing native plugins compatible for Editor in 0.83 ms, found 3 plugins.
Preloading 0 native plugins for Editor in 0.00 ms.
Mono: successfully reloaded assembly
- Completed reload, in  1.800 seconds
Domain Reload Profiling:
	ReloadAssembly (1801ms)
		BeginReloadAssembly (272ms)
			ExecutionOrderSort (0ms)
			DisableScriptedObjects (9ms)
			BackupInstance (0ms)
			ReleaseScriptingObjects (0ms)
			CreateAndSetChildDomain (42ms)
		EndReloadAssembly (1351ms)
			LoadAssemblies (227ms)
			RebuildTransferFunctionScriptingTraits (0ms)
			SetupTypeCache (316ms)
			ReleaseScriptCaches (2ms)
			RebuildScriptCaches (68ms)
			SetupLoadedEditorAssemblies (682ms)
				LogAssemblyErrors (0ms)
				InitializePlatformSupportModulesInManaged (92ms)
				SetLoadedEditorAssemblies (0ms)
				RefreshPlugins (1ms)
				BeforeProcessingInitializeOnLoad (156ms)
				ProcessInitializeOnLoadAttributes (284ms)
				ProcessInitializeOnLoadMethodAttributes (90ms)
				AfterProcessingInitializeOnLoad (58ms)
				EditorAssembliesLoaded (0ms)
			ExecutionOrderSort2 (0ms)
			AwakeInstancesAfterBackupRestoration (20ms)
Platform modules already initialized, skipping
Refreshing native plugins compatible for Editor in 4.10 ms, found 3 plugins.
Preloading 0 native plugins for Editor in 0.00 ms.
Unloading 5345 Unused Serialized files (Serialized files now loaded: 0)
Unloading 28 unused Assets / (0.9 MB). Loaded Objects now: 6192.
Memory consumption went from 223.1 MB to 222.2 MB.
Total: 3.773400 ms (FindLiveObjects: 0.426100 ms CreateObjectMapping: 0.339100 ms MarkObjects: 2.634100 ms  DeleteObjects: 0.373300 ms)

AssetImportParameters requested are different than current active one (requested -> active):
  custom:video-decoder-ogg-theora: a1e56fd34408186e4bbccfd4996cb3dc -> 
  custom:container-muxer-webm: aa71ff27fc2769a1b78a27578f13a17b -> 
  custom:container-demuxer-webm: 4f35f7cbe854078d1ac9338744f61a02 -> 
  custom:video-encoder-webm-vp8: eb34c28f22e8b96e1ab97ce403110664 -> 
  custom:audio-encoder-webm-vorbis: bf7c407c2cedff20999df2af8eb42d56 -> 
  custom:framework-win-MediaFoundation: 216162199b28c13a410421893ffa2e32 -> 
  custom:container-demuxer-ogg: 62fdf1f143b41e24485cea50d1cbac27 -> 
  custom:video-decoder-webm-vp8: 9c59270c3fd7afecdb556c50c9e8de78 -> 
  custom:audio-decoder-ogg-vorbis: bf7c407c2cedff20999df2af8eb42d56 -> 
========================================================================
Received Prepare
Registering precompiled user dll's ...
Registered in 0.017164 seconds.
Begin MonoManager ReloadAssembly
Symbol file LoadedFromMemory doesn't match image F:\github\StarWay\FYP\Library\PackageCache\com.unity.visualscripting@1.8.0\Editor\VisualScripting.Core\Dependencies\YamlDotNet\Unity.VisualScripting.YamlDotNet.dll
Symbol file LoadedFromMemory doesn't match image F:\github\StarWay\FYP\Library\PackageCache\com.unity.visualscripting@1.8.0\Editor\VisualScripting.Core\Dependencies\DotNetZip\Unity.VisualScripting.IonicZip.dll
Native extension for UWP target not found
Native extension for LinuxStandalone target not found
Native extension for WindowsStandalone target not found
Native extension for iOS target not found
Native extension for Android target not found
Native extension for OSXStandalone target not found
Native extension for WebGL target not found
Refreshing native plugins compatible for Editor in 0.90 ms, found 3 plugins.
Preloading 0 native plugins for Editor in 0.00 ms.
Mono: successfully reloaded assembly
- Completed reload, in  1.788 seconds
Domain Reload Profiling:
	ReloadAssembly (1789ms)
		BeginReloadAssembly (283ms)
			ExecutionOrderSort (0ms)
			DisableScriptedObjects (6ms)
			BackupInstance (0ms)
			ReleaseScriptingObjects (0ms)
			CreateAndSetChildDomain (44ms)
		EndReloadAssembly (1332ms)
			LoadAssemblies (231ms)
			RebuildTransferFunctionScriptingTraits (0ms)
			SetupTypeCache (323ms)
			ReleaseScriptCaches (2ms)
			RebuildScriptCaches (63ms)
			SetupLoadedEditorAssemblies (655ms)
				LogAssemblyErrors (0ms)
				InitializePlatformSupportModulesInManaged (86ms)
				SetLoadedEditorAssemblies (1ms)
				RefreshPlugins (1ms)
				BeforeProcessingInitializeOnLoad (147ms)
				ProcessInitializeOnLoadAttributes (264ms)
				ProcessInitializeOnLoadMethodAttributes (95ms)
				AfterProcessingInitializeOnLoad (62ms)
				EditorAssembliesLoaded (0ms)
			ExecutionOrderSort2 (0ms)
			AwakeInstancesAfterBackupRestoration (22ms)
Platform modules already initialized, skipping
Refreshing native plugins compatible for Editor in 4.28 ms, found 3 plugins.
Preloading 0 native plugins for Editor in 0.00 ms.
Unloading 5345 Unused Serialized files (Serialized files now loaded: 0)
Unloading 28 unused Assets / (0.9 MB). Loaded Objects now: 6207.
Memory consumption went from 223.1 MB to 222.2 MB.
Total: 5.398400 ms (FindLiveObjects: 0.436600 ms CreateObjectMapping: 0.371600 ms MarkObjects: 4.184800 ms  DeleteObjects: 0.404400 ms)

AssetImportParameters requested are different than current active one (requested -> active):
  custom:video-decoder-ogg-theora: a1e56fd34408186e4bbccfd4996cb3dc -> 
  custom:container-muxer-webm: aa71ff27fc2769a1b78a27578f13a17b -> 
  custom:container-demuxer-webm: 4f35f7cbe854078d1ac9338744f61a02 -> 
  custom:video-encoder-webm-vp8: eb34c28f22e8b96e1ab97ce403110664 -> 
  custom:audio-encoder-webm-vorbis: bf7c407c2cedff20999df2af8eb42d56 -> 
  custom:framework-win-MediaFoundation: 216162199b28c13a410421893ffa2e32 -> 
  custom:container-demuxer-ogg: 62fdf1f143b41e24485cea50d1cbac27 -> 
  custom:video-decoder-webm-vp8: 9c59270c3fd7afecdb556c50c9e8de78 -> 
  custom:audio-decoder-ogg-vorbis: bf7c407c2cedff20999df2af8eb42d56 -> 
========================================================================
Received Prepare
Registering precompiled user dll's ...
Registered in 0.018449 seconds.
Begin MonoManager ReloadAssembly
Symbol file LoadedFromMemory doesn't match image F:\github\StarWay\FYP\Library\PackageCache\com.unity.visualscripting@1.8.0\Editor\VisualScripting.Core\Dependencies\YamlDotNet\Unity.VisualScripting.YamlDotNet.dll
Symbol file LoadedFromMemory doesn't match image F:\github\StarWay\FYP\Library\PackageCache\com.unity.visualscripting@1.8.0\Editor\VisualScripting.Core\Dependencies\DotNetZip\Unity.VisualScripting.IonicZip.dll
Native extension for UWP target not found
Native extension for LinuxStandalone target not found
Native extension for WindowsStandalone target not found
Native extension for iOS target not found
Native extension for Android target not found
Native extension for OSXStandalone target not found
Native extension for WebGL target not found
Refreshing native plugins compatible for Editor in 0.85 ms, found 3 plugins.
Preloading 0 native plugins for Editor in 0.00 ms.
Mono: successfully reloaded assembly
- Completed reload, in  1.840 seconds
Domain Reload Profiling:
	ReloadAssembly (1841ms)
		BeginReloadAssembly (269ms)
			ExecutionOrderSort (0ms)
			DisableScriptedObjects (7ms)
			BackupInstance (0ms)
			ReleaseScriptingObjects (0ms)
			CreateAndSetChildDomain (42ms)
		EndReloadAssembly (1370ms)
			LoadAssemblies (219ms)
			RebuildTransferFunctionScriptingTraits (0ms)
			SetupTypeCache (337ms)
			ReleaseScriptCaches (3ms)
			RebuildScriptCaches (73ms)
			SetupLoadedEditorAssemblies (660ms)
				LogAssemblyErrors (0ms)
				InitializePlatformSupportModulesInManaged (91ms)
				SetLoadedEditorAssemblies (0ms)
				RefreshPlugins (1ms)
				BeforeProcessingInitializeOnLoad (153ms)
				ProcessInitializeOnLoadAttributes (271ms)
				ProcessInitializeOnLoadMethodAttributes (84ms)
				AfterProcessingInitializeOnLoad (61ms)
				EditorAssembliesLoaded (0ms)
			ExecutionOrderSort2 (0ms)
			AwakeInstancesAfterBackupRestoration (19ms)
Platform modules already initialized, skipping
Refreshing native plugins compatible for Editor in 4.54 ms, found 3 plugins.
Preloading 0 native plugins for Editor in 0.00 ms.
Unloading 5345 Unused Serialized files (Serialized files now loaded: 0)
Unloading 28 unused Assets / (0.9 MB). Loaded Objects now: 6222.
Memory consumption went from 223.1 MB to 222.2 MB.
Total: 4.124700 ms (FindLiveObjects: 0.407200 ms CreateObjectMapping: 0.491400 ms MarkObjects: 2.787700 ms  DeleteObjects: 0.437500 ms)

AssetImportParameters requested are different than current active one (requested -> active):
  custom:video-decoder-ogg-theora: a1e56fd34408186e4bbccfd4996cb3dc -> 
  custom:container-muxer-webm: aa71ff27fc2769a1b78a27578f13a17b -> 
  custom:container-demuxer-webm: 4f35f7cbe854078d1ac9338744f61a02 -> 
  custom:video-encoder-webm-vp8: eb34c28f22e8b96e1ab97ce403110664 -> 
  custom:audio-encoder-webm-vorbis: bf7c407c2cedff20999df2af8eb42d56 -> 
  custom:framework-win-MediaFoundation: 216162199b28c13a410421893ffa2e32 -> 
  custom:container-demuxer-ogg: 62fdf1f143b41e24485cea50d1cbac27 -> 
  custom:video-decoder-webm-vp8: 9c59270c3fd7afecdb556c50c9e8de78 -> 
  custom:audio-decoder-ogg-vorbis: bf7c407c2cedff20999df2af8eb42d56 -> 
========================================================================
Received Prepare
Registering precompiled user dll's ...
Registered in 0.020344 seconds.
Begin MonoManager ReloadAssembly
Symbol file LoadedFromMemory doesn't match image F:\github\StarWay\FYP\Library\PackageCache\com.unity.visualscripting@1.8.0\Editor\VisualScripting.Core\Dependencies\YamlDotNet\Unity.VisualScripting.YamlDotNet.dll
Symbol file LoadedFromMemory doesn't match image F:\github\StarWay\FYP\Library\PackageCache\com.unity.visualscripting@1.8.0\Editor\VisualScripting.Core\Dependencies\DotNetZip\Unity.VisualScripting.IonicZip.dll
Native extension for UWP target not found
Native extension for LinuxStandalone target not found
Native extension for WindowsStandalone target not found
Native extension for iOS target not found
Native extension for Android target not found
Native extension for OSXStandalone target not found
Native extension for WebGL target not found
Refreshing native plugins compatible for Editor in 0.85 ms, found 3 plugins.
Preloading 0 native plugins for Editor in 0.00 ms.
Mono: successfully reloaded assembly
- Completed reload, in  1.781 seconds
Domain Reload Profiling:
	ReloadAssembly (1782ms)
		BeginReloadAssembly (263ms)
			ExecutionOrderSort (0ms)
			DisableScriptedObjects (5ms)
			BackupInstance (0ms)
			ReleaseScriptingObjects (0ms)
			CreateAndSetChildDomain (38ms)
		EndReloadAssembly (1333ms)
			LoadAssemblies (213ms)
			RebuildTransferFunctionScriptingTraits (0ms)
			SetupTypeCache (329ms)
			ReleaseScriptCaches (2ms)
			RebuildScriptCaches (58ms)
			SetupLoadedEditorAssemblies (663ms)
				LogAssemblyErrors (0ms)
				InitializePlatformSupportModulesInManaged (93ms)
				SetLoadedEditorAssemblies (1ms)
				RefreshPlugins (1ms)
				BeforeProcessingInitializeOnLoad (149ms)
				ProcessInitializeOnLoadAttributes (269ms)
				ProcessInitializeOnLoadMethodAttributes (92ms)
				AfterProcessingInitializeOnLoad (59ms)
				EditorAssembliesLoaded (0ms)
			ExecutionOrderSort2 (0ms)
			AwakeInstancesAfterBackupRestoration (19ms)
Platform modules already initialized, skipping
Refreshing native plugins compatible for Editor in 3.43 ms, found 3 plugins.
Preloading 0 native plugins for Editor in 0.00 ms.
Unloading 5345 Unused Serialized files (Serialized files now loaded: 0)
Unloading 28 unused Assets / (0.9 MB). Loaded Objects now: 6237.
Memory consumption went from 223.1 MB to 222.2 MB.
Total: 4.413100 ms (FindLiveObjects: 0.454900 ms CreateObjectMapping: 0.415600 ms MarkObjects: 3.151900 ms  DeleteObjects: 0.389400 ms)

AssetImportParameters requested are different than current active one (requested -> active):
  custom:video-decoder-ogg-theora: a1e56fd34408186e4bbccfd4996cb3dc -> 
  custom:container-muxer-webm: aa71ff27fc2769a1b78a27578f13a17b -> 
  custom:container-demuxer-webm: 4f35f7cbe854078d1ac9338744f61a02 -> 
  custom:video-encoder-webm-vp8: eb34c28f22e8b96e1ab97ce403110664 -> 
  custom:audio-encoder-webm-vorbis: bf7c407c2cedff20999df2af8eb42d56 -> 
  custom:framework-win-MediaFoundation: 216162199b28c13a410421893ffa2e32 -> 
  custom:container-demuxer-ogg: 62fdf1f143b41e24485cea50d1cbac27 -> 
  custom:video-decoder-webm-vp8: 9c59270c3fd7afecdb556c50c9e8de78 -> 
  custom:audio-decoder-ogg-vorbis: bf7c407c2cedff20999df2af8eb42d56 -> 
========================================================================
Received Prepare
Registering precompiled user dll's ...
Registered in 0.018158 seconds.
Begin MonoManager ReloadAssembly
Symbol file LoadedFromMemory doesn't match image F:\github\StarWay\FYP\Library\PackageCache\com.unity.visualscripting@1.8.0\Editor\VisualScripting.Core\Dependencies\YamlDotNet\Unity.VisualScripting.YamlDotNet.dll
Symbol file LoadedFromMemory doesn't match image F:\github\StarWay\FYP\Library\PackageCache\com.unity.visualscripting@1.8.0\Editor\VisualScripting.Core\Dependencies\DotNetZip\Unity.VisualScripting.IonicZip.dll
Native extension for UWP target not found
Native extension for LinuxStandalone target not found
Native extension for WindowsStandalone target not found
Native extension for iOS target not found
Native extension for Android target not found
Native extension for OSXStandalone target not found
Native extension for WebGL target not found
Refreshing native plugins compatible for Editor in 0.87 ms, found 3 plugins.
Preloading 0 native plugins for Editor in 0.00 ms.
Mono: successfully reloaded assembly
- Completed reload, in  1.781 seconds
Domain Reload Profiling:
	ReloadAssembly (1782ms)
		BeginReloadAssembly (270ms)
			ExecutionOrderSort (0ms)
			DisableScriptedObjects (6ms)
			BackupInstance (0ms)
			ReleaseScriptingObjects (0ms)
			CreateAndSetChildDomain (37ms)
		EndReloadAssembly (1321ms)
			LoadAssemblies (229ms)
			RebuildTransferFunctionScriptingTraits (0ms)
			SetupTypeCache (327ms)
			ReleaseScriptCaches (2ms)
			RebuildScriptCaches (62ms)
			SetupLoadedEditorAssemblies (646ms)
				LogAssemblyErrors (0ms)
				InitializePlatformSupportModulesInManaged (90ms)
				SetLoadedEditorAssemblies (0ms)
				RefreshPlugins (1ms)
				BeforeProcessingInitializeOnLoad (144ms)
				ProcessInitializeOnLoadAttributes (264ms)
				ProcessInitializeOnLoadMethodAttributes (91ms)
				AfterProcessingInitializeOnLoad (55ms)
				EditorAssembliesLoaded (0ms)
			ExecutionOrderSort2 (0ms)
			AwakeInstancesAfterBackupRestoration (18ms)
Platform modules already initialized, skipping
Refreshing native plugins compatible for Editor in 3.21 ms, found 3 plugins.
Preloading 0 native plugins for Editor in 0.00 ms.
Unloading 5345 Unused Serialized files (Serialized files now loaded: 0)
Unloading 28 unused Assets / (0.9 MB). Loaded Objects now: 6252.
Memory consumption went from 223.1 MB to 222.3 MB.
Total: 3.743600 ms (FindLiveObjects: 0.401600 ms CreateObjectMapping: 0.321400 ms MarkObjects: 2.648800 ms  DeleteObjects: 0.370700 ms)

AssetImportParameters requested are different than current active one (requested -> active):
  custom:video-decoder-ogg-theora: a1e56fd34408186e4bbccfd4996cb3dc -> 
  custom:container-muxer-webm: aa71ff27fc2769a1b78a27578f13a17b -> 
  custom:container-demuxer-webm: 4f35f7cbe854078d1ac9338744f61a02 -> 
  custom:video-encoder-webm-vp8: eb34c28f22e8b96e1ab97ce403110664 -> 
  custom:audio-encoder-webm-vorbis: bf7c407c2cedff20999df2af8eb42d56 -> 
  custom:framework-win-MediaFoundation: 216162199b28c13a410421893ffa2e32 -> 
  custom:container-demuxer-ogg: 62fdf1f143b41e24485cea50d1cbac27 -> 
  custom:video-decoder-webm-vp8: 9c59270c3fd7afecdb556c50c9e8de78 -> 
  custom:audio-decoder-ogg-vorbis: bf7c407c2cedff20999df2af8eb42d56 -> 
